  main.cpp
c:\users\raffal\documents\visual studio 2017\projects\consoleapplication16\consoleapplication16\Food.h(50): warning C4244: "argument": konwersja z "time_t" do "unsigned int", możliwa utrata danych
main.cpp(33): warning C4244: "argument": konwersja z "int" do "float", możliwa utrata danych
main.cpp(47): warning C4244: "argument": konwersja z "int" do "float", możliwa utrata danych
main.cpp(53): warning C4244: "argument": konwersja z "int" do "float", możliwa utrata danych
main.cpp(216): warning C4244: "argument": konwersja z "int" do "float", możliwa utrata danych
main.cpp(221): warning C4244: "argument": konwersja z "int" do "float", możliwa utrata danych
main.cpp(103): warning C4996: 'sf::Text::setColor': został uznany za przestarzały
  C:\Users\RAFFAL\Desktop\SFML-2.4.2\include\SFML/Graphics/Text.hpp(177): note: zobacz deklarację „sf::Text::setColor”
main.cpp(104): warning C4996: 'sf::Text::setColor': został uznany za przestarzały
  C:\Users\RAFFAL\Desktop\SFML-2.4.2\include\SFML/Graphics/Text.hpp(177): note: zobacz deklarację „sf::Text::setColor”
main.cpp(105): warning C4996: 'sf::Text::setColor': został uznany za przestarzały
  C:\Users\RAFFAL\Desktop\SFML-2.4.2\include\SFML/Graphics/Text.hpp(177): note: zobacz deklarację „sf::Text::setColor”
main.cpp(106): warning C4996: 'sf::Text::setColor': został uznany za przestarzały
  C:\Users\RAFFAL\Desktop\SFML-2.4.2\include\SFML/Graphics/Text.hpp(177): note: zobacz deklarację „sf::Text::setColor”
main.cpp(107): warning C4996: 'sf::Text::setColor': został uznany za przestarzały
  C:\Users\RAFFAL\Desktop\SFML-2.4.2\include\SFML/Graphics/Text.hpp(177): note: zobacz deklarację „sf::Text::setColor”
     Trwa tworzenie biblioteki C:\Users\RAFFAL\Documents\Visual Studio 2017\Projects\ConsoleApplication16\x64\Release\ConsoleApplication16.lib i obiektu C:\Users\RAFFAL\Documents\Visual Studio 2017\Projects\ConsoleApplication16\x64\Release\ConsoleApplication16.exp
  Trwa generowanie kodu
  1 of 166 functions ( 0.6%) were compiled, the rest were copied from previous compilation.
    0 functions were new in current compilation
    0 functions had inline decision re-evaluated but remain unchanged
  Zakończono generowanie kodu
  ConsoleApplication16.vcxproj -> C:\Users\RAFFAL\Documents\Visual Studio 2017\Projects\ConsoleApplication16\x64\Release\ConsoleApplication16.exe
